<?xml version="1.0" encoding="UTF-8"?>
<!-- Generated by org.testng.reporters.JUnitXMLReporter -->
<testsuite hostname="BLRKEC334480D" ignored="0" name="Command line test 6bf06454-817a-4e7c-949c-80f030eb953d" tests="1" failures="1" timestamp="18 Sep 2018 06:31:30 GMT" time="178.368" errors="0">
  <testcase name="checkoutProduct" time="158.089" classname="app.tests.EndToEndTestCases">
    <failure type="org.openqa.selenium.NoSuchElementException" message="An element could not be located on the page using the given search parameters. (WARNING: The server did not provide any stacktrace information)
Command duration or timeout: 0 milliseconds
For documentation on this error, please visit: http://seleniumhq.org/exceptions/no_such_element.html
Build info: version: &amp;apos;3.8.1&amp;apos;, revision: &amp;apos;6e95a6684b&amp;apos;, time: &amp;apos;2017-12-01T19:05:14.666Z&amp;apos;
System info: host: &amp;apos;BLRKEC334480D&amp;apos;, ip: &amp;apos;172.21.6.91&amp;apos;, os.name: &amp;apos;Windows 8.1&amp;apos;, os.arch: &amp;apos;amd64&amp;apos;, os.version: &amp;apos;6.3&amp;apos;, java.version: &amp;apos;1.8.0_141&amp;apos;
Driver info: io.appium.java_client.android.AndroidDriver
Capabilities {app: C:\Users\aswathy_krishnan\D..., appActivity: md542c740506d6fc3e63586544d..., appPackage: com.amwayglobal.atmosphere, appWaitActivity: md542c740506d6fc3e63586544d..., appWaitPackage: com.amwayglobal.atmosphere, browserName: , databaseEnabled: false, desired: {app: C:\Users\aswathy_krishnan\D..., appPackage: com.amwayglobal.atmosphere, browserName: , deviceName: ff6b1bb, fullReset: false, launchActivity: com.amwayglobal.atmosphere...., noReset: true, platformName: Android, platformVersion: 8.1.0}, deviceManufacturer: OnePlus, deviceModel: ONEPLUS A5010, deviceName: ff6b1bb, deviceScreenSize: 1080x2160, deviceUDID: ff6b1bb, fullReset: false, javascriptEnabled: true, launchActivity: com.amwayglobal.atmosphere...., locationContextEnabled: false, networkConnectionEnabled: true, noReset: true, platform: LINUX, platformName: LINUX, platformVersion: 8.1.0, takesScreenshot: true, warnings: {}, webStorageEnabled: false}
Session ID: ee54292a-17e7-48dd-84da-6b54270178f7
*** Element info: {Using=id, value=com.amwayglobal.atmosphere:id/hamburgerButton}">
      <![CDATA[org.openqa.selenium.NoSuchElementException: An element could not be located on the page using the given search parameters. (WARNING: The server did not provide any stacktrace information)
Command duration or timeout: 0 milliseconds
For documentation on this error, please visit: http://seleniumhq.org/exceptions/no_such_element.html
Build info: version: '3.8.1', revision: '6e95a6684b', time: '2017-12-01T19:05:14.666Z'
System info: host: 'BLRKEC334480D', ip: '172.21.6.91', os.name: 'Windows 8.1', os.arch: 'amd64', os.version: '6.3', java.version: '1.8.0_141'
Driver info: io.appium.java_client.android.AndroidDriver
Capabilities {app: C:\Users\aswathy_krishnan\D..., appActivity: md542c740506d6fc3e63586544d..., appPackage: com.amwayglobal.atmosphere, appWaitActivity: md542c740506d6fc3e63586544d..., appWaitPackage: com.amwayglobal.atmosphere, browserName: , databaseEnabled: false, desired: {app: C:\Users\aswathy_krishnan\D..., appPackage: com.amwayglobal.atmosphere, browserName: , deviceName: ff6b1bb, fullReset: false, launchActivity: com.amwayglobal.atmosphere...., noReset: true, platformName: Android, platformVersion: 8.1.0}, deviceManufacturer: OnePlus, deviceModel: ONEPLUS A5010, deviceName: ff6b1bb, deviceScreenSize: 1080x2160, deviceUDID: ff6b1bb, fullReset: false, javascriptEnabled: true, launchActivity: com.amwayglobal.atmosphere...., locationContextEnabled: false, networkConnectionEnabled: true, noReset: true, platform: LINUX, platformName: LINUX, platformVersion: 8.1.0, takesScreenshot: true, warnings: {}, webStorageEnabled: false}
Session ID: ee54292a-17e7-48dd-84da-6b54270178f7
*** Element info: {Using=id, value=com.amwayglobal.atmosphere:id/hamburgerButton}
	at org.openqa.selenium.remote.ErrorHandler.createThrowable(ErrorHandler.java:214)
	at org.openqa.selenium.remote.ErrorHandler.throwIfResponseFailed(ErrorHandler.java:166)
	at org.openqa.selenium.remote.http.JsonHttpResponseCodec.reconstructValue(JsonHttpResponseCodec.java:40)
	at org.openqa.selenium.remote.http.AbstractHttpResponseCodec.decode(AbstractHttpResponseCodec.java:80)
	at org.openqa.selenium.remote.http.AbstractHttpResponseCodec.decode(AbstractHttpResponseCodec.java:44)
	at org.openqa.selenium.remote.HttpCommandExecutor.execute(HttpCommandExecutor.java:164)
	at io.appium.java_client.remote.AppiumCommandExecutor.execute(AppiumCommandExecutor.java:89)
	at org.openqa.selenium.remote.RemoteWebDriver.execute(RemoteWebDriver.java:601)
	at io.appium.java_client.DefaultGenericMobileDriver.execute(DefaultGenericMobileDriver.java:42)
	at io.appium.java_client.AppiumDriver.execute(AppiumDriver.java:1)
	at io.appium.java_client.android.AndroidDriver.execute(AndroidDriver.java:1)
	at org.openqa.selenium.remote.RemoteWebDriver.findElement(RemoteWebDriver.java:371)
	at io.appium.java_client.DefaultGenericMobileDriver.findElement(DefaultGenericMobileDriver.java:62)
	at io.appium.java_client.AppiumDriver.findElement(AppiumDriver.java:1)
	at io.appium.java_client.android.AndroidDriver.findElement(AndroidDriver.java:1)
	at org.openqa.selenium.remote.RemoteWebDriver.findElementById(RemoteWebDriver.java:417)
	at io.appium.java_client.DefaultGenericMobileDriver.findElementById(DefaultGenericMobileDriver.java:70)
	at io.appium.java_client.AppiumDriver.findElementById(AppiumDriver.java:1)
	at io.appium.java_client.android.AndroidDriver.findElementById(AndroidDriver.java:1)
	at org.openqa.selenium.By$ById.findElement(By.java:218)
	at org.openqa.selenium.remote.RemoteWebDriver.findElement(RemoteWebDriver.java:363)
	at io.appium.java_client.DefaultGenericMobileDriver.findElement(DefaultGenericMobileDriver.java:58)
	at io.appium.java_client.AppiumDriver.findElement(AppiumDriver.java:1)
	at io.appium.java_client.android.AndroidDriver.findElement(AndroidDriver.java:1)
	at core.Action.findElement(Unknown Source)
	at app.pages.HomePage.signOut(Unknown Source)
	at app.tests.EndToEndTestCases.checkoutProduct(Unknown Source)
	at java.util.concurrent.ThreadPoolExecutor.runWorker(ThreadPoolExecutor.java:1149)
	at java.util.concurrent.ThreadPoolExecutor$Worker.run(ThreadPoolExecutor.java:624)
	at java.lang.Thread.run(Thread.java:748)
... Removed 14 stack frames]]>
    </failure>
  </testcase> <!-- checkoutProduct -->
</testsuite> <!-- Command line test 6bf06454-817a-4e7c-949c-80f030eb953d -->
