<?xml version="1.0" encoding="UTF-8"?>
<!-- Generated by org.testng.reporters.JUnitXMLReporter -->
<testsuite hostname="BLRKEC334480D" ignored="0" name="Command line test 00650697-5267-455c-a548-0d87383e0742" tests="1" failures="1" timestamp="01 Oct 2018 06:42:20 GMT" time="25.249" errors="0">
  <testcase name="EndToEndTest" time="19.443" classname="app.tests.EndToEndTestCases">
    <failure type="org.yaml.snakeyaml.constructor.ConstructorException" message="Cannot create property=LoginDetails for JavaBean=testdata.yaml.LoginData@166db638
 in &amp;apos;reader&amp;apos;, line 1, column 15:
    EndToEndTest: !!testdata.yaml.LoginData {
                  ^
Unable to find property &amp;apos;LoginDetails&amp;apos; on class: testdata.yaml.LoginData
 in &amp;apos;reader&amp;apos;, line 2, column 16:
     LoginDetails: {
                   ^
">
      <![CDATA[Cannot create property=LoginDetails for JavaBean=testdata.yaml.LoginData@166db638
 in 'reader', line 1, column 15:
    EndToEndTest: !!testdata.yaml.LoginData {
                  ^
Unable to find property 'LoginDetails' on class: testdata.yaml.LoginData
 in 'reader', line 2, column 16:
     LoginDetails: {
                   ^

	at org.yaml.snakeyaml.constructor.Constructor$ConstructMapping.constructJavaBean2ndStep(Constructor.java:313)
	at org.yaml.snakeyaml.constructor.Constructor$ConstructMapping.construct(Constructor.java:190)
	at org.yaml.snakeyaml.constructor.Constructor$ConstructYamlObject.construct(Constructor.java:346)
	at org.yaml.snakeyaml.constructor.BaseConstructor.constructObject(BaseConstructor.java:182)
	at org.yaml.snakeyaml.constructor.BaseConstructor.constructMapping2ndStep(BaseConstructor.java:373)
	at org.yaml.snakeyaml.constructor.SafeConstructor.constructMapping2ndStep(SafeConstructor.java:147)
	at org.yaml.snakeyaml.constructor.BaseConstructor.constructMapping(BaseConstructor.java:354)
	at org.yaml.snakeyaml.constructor.SafeConstructor$ConstructYamlMap.construct(SafeConstructor.java:489)
	at org.yaml.snakeyaml.constructor.BaseConstructor.constructObject(BaseConstructor.java:182)
	at org.yaml.snakeyaml.constructor.BaseConstructor.constructDocument(BaseConstructor.java:141)
	at org.yaml.snakeyaml.constructor.BaseConstructor.getSingleData(BaseConstructor.java:127)
	at org.yaml.snakeyaml.Yaml.loadFromReader(Yaml.java:450)
	at org.yaml.snakeyaml.Yaml.load(Yaml.java:381)
	at utils.YamlUtils.loadYaml(Unknown Source)
	at testdata.yaml.LoginData.fetch(Unknown Source)
	at app.tests.EndToEndTestCases.EndToEndTest(Unknown Source)
	at java.util.concurrent.ThreadPoolExecutor.runWorker(ThreadPoolExecutor.java:1149)
	at java.util.concurrent.ThreadPoolExecutor$Worker.run(ThreadPoolExecutor.java:624)
	at java.lang.Thread.run(Thread.java:748)
Caused by: org.yaml.snakeyaml.error.YAMLException: Unable to find property 'LoginDetails' on class: testdata.yaml.LoginData
	at org.yaml.snakeyaml.introspector.PropertyUtils.getProperty(PropertyUtils.java:132)
	at org.yaml.snakeyaml.introspector.PropertyUtils.getProperty(PropertyUtils.java:121)
	at org.yaml.snakeyaml.constructor.Constructor$ConstructMapping.getProperty(Constructor.java:323)
	at org.yaml.snakeyaml.constructor.Constructor$ConstructMapping.constructJavaBean2ndStep(Constructor.java:241)
	... 28 more
... Removed 10 stack frames]]>
    </failure>
  </testcase> <!-- EndToEndTest -->
</testsuite> <!-- Command line test 00650697-5267-455c-a548-0d87383e0742 -->
